<?xml version="1.0" encoding="UTF-8"?>
<testsuite name="com.arpassion.Springboot4RabbitmqApplicationTests" time="0.01" tests="1" errors="1" skipped="0" failures="0">
  <properties>
[...]
</properties>
  <testcase name="contextLoads" classname="com.arpassion.Springboot4RabbitmqApplicationTests" time="0.01">
    <error message="The ApplicationContext loaded for [[MergedContextConfiguration@2d8f65a4 testClass = Springboot4RabbitmqApplicationTests, locations = &apos;{}&apos;, classes = &apos;{class com.arpassion.ProducerApplication}&apos;, contextInitializerClasses = &apos;[]&apos;, activeProfiles = &apos;{}&apos;, propertySourceLocations = &apos;{}&apos;, propertySourceProperties = &apos;{}&apos;, contextLoader = &apos;org.springframework.boot.test.SpringApplicationContextLoader&apos;, parent = [null]]] is not active. Ensure that the context has not been closed programmatically." type="java.lang.IllegalStateException">java.lang.IllegalStateException: The ApplicationContext loaded for [[MergedContextConfiguration@2d8f65a4 testClass = Springboot4RabbitmqApplicationTests, locations = '{}', classes = '{class com.arpassion.ProducerApplication}', contextInitializerClasses = '[]', activeProfiles = '{}', propertySourceLocations = '{}', propertySourceProperties = '{}', contextLoader = 'org.springframework.boot.test.SpringApplicationContextLoader', parent = [null]]] is not active. Ensure that the context has not been closed programmatically.
	at org.springframework.util.Assert.state(Assert.java:392)
	at org.springframework.test.context.support.DefaultTestContext.getApplicationContext(DefaultTestContext.java:87)
	at org.springframework.test.context.support.DependencyInjectionTestExecutionListener.injectDependencies(DependencyInjectionTestExecutionListener.java:117)
	at org.springframework.test.context.support.DependencyInjectionTestExecutionListener.prepareTestInstance(DependencyInjectionTestExecutionListener.java:83)
	at org.springframework.test.context.TestContextManager.prepareTestInstance(TestContextManager.java:228)
	at org.springframework.test.context.junit4.SpringJUnit4ClassRunner.createTest(SpringJUnit4ClassRunner.java:230)
	at org.springframework.test.context.junit4.SpringJUnit4ClassRunner$1.runReflectiveCall(SpringJUnit4ClassRunner.java:289)
	at org.junit.internal.runners.model.ReflectiveCallable.run(ReflectiveCallable.java:12)
	at org.springframework.test.context.junit4.SpringJUnit4ClassRunner.methodBlock(SpringJUnit4ClassRunner.java:291)
	at org.springframework.test.context.junit4.SpringJUnit4ClassRunner.runChild(SpringJUnit4ClassRunner.java:249)
	at org.springframework.test.context.junit4.SpringJUnit4ClassRunner.runChild(SpringJUnit4ClassRunner.java:89)
	at org.junit.runners.ParentRunner$3.run(ParentRunner.java:290)
	at org.junit.runners.ParentRunner$1.schedule(ParentRunner.java:71)
	at org.junit.runners.ParentRunner.runChildren(ParentRunner.java:288)
	at org.junit.runners.ParentRunner.access$000(ParentRunner.java:58)
	at org.junit.runners.ParentRunner$2.evaluate(ParentRunner.java:268)
	at org.springframework.test.context.junit4.statements.RunBeforeTestClassCallbacks.evaluate(RunBeforeTestClassCallbacks.java:61)
	at org.springframework.test.context.junit4.statements.RunAfterTestClassCallbacks.evaluate(RunAfterTestClassCallbacks.java:70)
	at org.junit.runners.ParentRunner.run(ParentRunner.java:363)
	at org.springframework.test.context.junit4.SpringJUnit4ClassRunner.run(SpringJUnit4ClassRunner.java:193)
	at org.apache.maven.surefire.junit4.JUnit4Provider.execute(JUnit4Provider.java:283)
	at org.apache.maven.surefire.junit4.JUnit4Provider.executeWithRerun(JUnit4Provider.java:173)
	at org.apache.maven.surefire.junit4.JUnit4Provider.executeTestSet(JUnit4Provider.java:153)
	at org.apache.maven.surefire.junit4.JUnit4Provider.invoke(JUnit4Provider.java:128)
	at org.apache.maven.surefire.booter.ForkedBooter.invokeProviderInSameClassLoader(ForkedBooter.java:203)
	at org.apache.maven.surefire.booter.ForkedBooter.runSuitesInProcess(ForkedBooter.java:155)
	at org.apache.maven.surefire.booter.ForkedBooter.main(ForkedBooter.java:103)
</error>
    <system-out><![CDATA[21:21:27.028 [main] DEBUG o.s.t.c.j.SpringJUnit4ClassRunner - SpringJUnit4ClassRunner constructor called with [class com.arpassion.Springboot4RabbitmqApplicationTests]
21:21:27.039 [main] DEBUG o.s.test.context.BootstrapUtils - Instantiating CacheAwareContextLoaderDelegate from class [org.springframework.test.context.cache.DefaultCacheAwareContextLoaderDelegate]
21:21:27.045 [main] DEBUG o.s.test.context.BootstrapUtils - Instantiating BootstrapContext using constructor [public org.springframework.test.context.support.DefaultBootstrapContext(java.lang.Class,org.springframework.test.context.CacheAwareContextLoaderDelegate)]
21:21:27.064 [main] DEBUG o.s.test.context.BootstrapUtils - Instantiating TestContextBootstrapper for test class [com.arpassion.Springboot4RabbitmqApplicationTests] from class [org.springframework.test.context.support.DefaultTestContextBootstrapper]
21:21:27.128 [main] DEBUG o.s.t.c.s.DefaultTestContextBootstrapper - Found explicit ContextLoader class [org.springframework.boot.test.SpringApplicationContextLoader] for context configuration attributes [ContextConfigurationAttributes@3fee9989 declaringClass = 'com.arpassion.Springboot4RabbitmqApplicationTests', classes = '{class com.arpassion.ProducerApplication}', locations = '{}', inheritLocations = true, initializers = '{}', inheritInitializers = true, name = [null], contextLoaderClass = 'org.springframework.boot.test.SpringApplicationContextLoader']
21:21:27.139 [main] DEBUG o.s.t.c.s.AbstractContextLoader - Did not detect default resource location for test class [com.arpassion.Springboot4RabbitmqApplicationTests]: class path resource [com/arpassion/Springboot4RabbitmqApplicationTests-context.xml] does not exist
21:21:27.140 [main] DEBUG o.s.t.c.s.AbstractContextLoader - Did not detect default resource location for test class [com.arpassion.Springboot4RabbitmqApplicationTests]: class path resource [com/arpassion/Springboot4RabbitmqApplicationTestsContext.groovy] does not exist
21:21:27.141 [main] INFO  o.s.t.c.s.AbstractContextLoader - Could not detect default resource locations for test class [com.arpassion.Springboot4RabbitmqApplicationTests]: no resource found for suffixes {-context.xml, Context.groovy}.
21:21:27.146 [main] DEBUG o.s.t.c.support.ActiveProfilesUtils - Could not find an 'annotation declaring class' for annotation type [org.springframework.test.context.ActiveProfiles] and class [com.arpassion.Springboot4RabbitmqApplicationTests]
21:21:27.153 [main] DEBUG o.s.t.c.s.DefaultTestContextBootstrapper - @TestExecutionListeners is not present for class [com.arpassion.Springboot4RabbitmqApplicationTests]: using defaults.
21:21:27.166 [main] INFO  o.s.t.c.s.DefaultTestContextBootstrapper - Loaded default TestExecutionListener class names from location [META-INF/spring.factories]: [org.springframework.test.context.web.ServletTestExecutionListener, org.springframework.test.context.support.DirtiesContextBeforeModesTestExecutionListener, org.springframework.test.context.support.DependencyInjectionTestExecutionListener, org.springframework.test.context.support.DirtiesContextTestExecutionListener, org.springframework.test.context.transaction.TransactionalTestExecutionListener, org.springframework.test.context.jdbc.SqlScriptsTestExecutionListener]
21:21:27.213 [main] INFO  o.s.t.c.s.DefaultTestContextBootstrapper - Could not instantiate TestExecutionListener [org.springframework.test.context.web.ServletTestExecutionListener]. Specify custom listener classes or make the default listener classes (and their required dependencies) available. Offending class: [javax/servlet/ServletContext]
21:21:27.216 [main] INFO  o.s.t.c.s.DefaultTestContextBootstrapper - Using TestExecutionListeners: [org.springframework.test.context.support.DirtiesContextBeforeModesTestExecutionListener@5e853265, org.springframework.test.context.support.DependencyInjectionTestExecutionListener@67205a84, org.springframework.test.context.support.DirtiesContextTestExecutionListener@7d0587f1, org.springframework.test.context.transaction.TransactionalTestExecutionListener@5d76b067, org.springframework.test.context.jdbc.SqlScriptsTestExecutionListener@2a17b7b6]
21:21:27.221 [main] DEBUG o.s.t.annotation.ProfileValueUtils - Retrieved @ProfileValueSourceConfiguration [null] for test class [com.arpassion.Springboot4RabbitmqApplicationTests]
21:21:27.227 [main] DEBUG o.s.t.annotation.ProfileValueUtils - Retrieved ProfileValueSource type [class org.springframework.test.annotation.SystemProfileValueSource] for class [com.arpassion.Springboot4RabbitmqApplicationTests]
21:21:27.232 [main] DEBUG o.s.t.c.j.SpringJUnit4ClassRunner - SpringJUnit4ClassRunner constructor called with [class com.arpassion.Springboot4RabbitmqApplicationTests]
21:21:27.233 [main] DEBUG o.s.test.context.BootstrapUtils - Instantiating CacheAwareContextLoaderDelegate from class [org.springframework.test.context.cache.DefaultCacheAwareContextLoaderDelegate]
21:21:27.233 [main] DEBUG o.s.test.context.BootstrapUtils - Instantiating BootstrapContext using constructor [public org.springframework.test.context.support.DefaultBootstrapContext(java.lang.Class,org.springframework.test.context.CacheAwareContextLoaderDelegate)]
21:21:27.234 [main] DEBUG o.s.test.context.BootstrapUtils - Instantiating TestContextBootstrapper for test class [com.arpassion.Springboot4RabbitmqApplicationTests] from class [org.springframework.test.context.support.DefaultTestContextBootstrapper]
21:21:27.237 [main] DEBUG o.s.t.c.s.DefaultTestContextBootstrapper - Found explicit ContextLoader class [org.springframework.boot.test.SpringApplicationContextLoader] for context configuration attributes [ContextConfigurationAttributes@48503868 declaringClass = 'com.arpassion.Springboot4RabbitmqApplicationTests', classes = '{class com.arpassion.ProducerApplication}', locations = '{}', inheritLocations = true, initializers = '{}', inheritInitializers = true, name = [null], contextLoaderClass = 'org.springframework.boot.test.SpringApplicationContextLoader']
21:21:27.238 [main] DEBUG o.s.t.c.s.AbstractContextLoader - Did not detect default resource location for test class [com.arpassion.Springboot4RabbitmqApplicationTests]: class path resource [com/arpassion/Springboot4RabbitmqApplicationTests-context.xml] does not exist
21:21:27.240 [main] DEBUG o.s.t.c.s.AbstractContextLoader - Did not detect default resource location for test class [com.arpassion.Springboot4RabbitmqApplicationTests]: class path resource [com/arpassion/Springboot4RabbitmqApplicationTestsContext.groovy] does not exist
21:21:27.240 [main] INFO  o.s.t.c.s.AbstractContextLoader - Could not detect default resource locations for test class [com.arpassion.Springboot4RabbitmqApplicationTests]: no resource found for suffixes {-context.xml, Context.groovy}.
21:21:27.241 [main] DEBUG o.s.t.c.support.ActiveProfilesUtils - Could not find an 'annotation declaring class' for annotation type [org.springframework.test.context.ActiveProfiles] and class [com.arpassion.Springboot4RabbitmqApplicationTests]
21:21:27.242 [main] DEBUG o.s.t.c.s.DefaultTestContextBootstrapper - @TestExecutionListeners is not present for class [com.arpassion.Springboot4RabbitmqApplicationTests]: using defaults.
21:21:27.245 [main] INFO  o.s.t.c.s.DefaultTestContextBootstrapper - Loaded default TestExecutionListener class names from location [META-INF/spring.factories]: [org.springframework.test.context.web.ServletTestExecutionListener, org.springframework.test.context.support.DirtiesContextBeforeModesTestExecutionListener, org.springframework.test.context.support.DependencyInjectionTestExecutionListener, org.springframework.test.context.support.DirtiesContextTestExecutionListener, org.springframework.test.context.transaction.TransactionalTestExecutionListener, org.springframework.test.context.jdbc.SqlScriptsTestExecutionListener]
21:21:27.246 [main] INFO  o.s.t.c.s.DefaultTestContextBootstrapper - Could not instantiate TestExecutionListener [org.springframework.test.context.web.ServletTestExecutionListener]. Specify custom listener classes or make the default listener classes (and their required dependencies) available. Offending class: [javax/servlet/ServletContext]
21:21:27.246 [main] INFO  o.s.t.c.s.DefaultTestContextBootstrapper - Using TestExecutionListeners: [org.springframework.test.context.support.DirtiesContextBeforeModesTestExecutionListener@4d95d2a2, org.springframework.test.context.support.DependencyInjectionTestExecutionListener@53f65459, org.springframework.test.context.support.DirtiesContextTestExecutionListener@3b088d51, org.springframework.test.context.transaction.TransactionalTestExecutionListener@1786dec2, org.springframework.test.context.jdbc.SqlScriptsTestExecutionListener@74650e52]
21:21:27.247 [main] DEBUG o.s.t.annotation.ProfileValueUtils - Retrieved @ProfileValueSourceConfiguration [null] for test class [com.arpassion.Springboot4RabbitmqApplicationTests]
21:21:27.247 [main] DEBUG o.s.t.annotation.ProfileValueUtils - Retrieved ProfileValueSource type [class org.springframework.test.annotation.SystemProfileValueSource] for class [com.arpassion.Springboot4RabbitmqApplicationTests]
21:21:27.248 [main] DEBUG o.s.t.annotation.ProfileValueUtils - Retrieved @ProfileValueSourceConfiguration [null] for test class [com.arpassion.Springboot4RabbitmqApplicationTests]
21:21:27.249 [main] DEBUG o.s.t.annotation.ProfileValueUtils - Retrieved ProfileValueSource type [class org.springframework.test.annotation.SystemProfileValueSource] for class [com.arpassion.Springboot4RabbitmqApplicationTests]
21:21:27.253 [main] DEBUG o.s.t.c.s.AbstractDirtiesContextTestExecutionListener - Before test class: context [DefaultTestContext@27a8c74e testClass = Springboot4RabbitmqApplicationTests, testInstance = [null], testMethod = [null], testException = [null], mergedContextConfiguration = [MergedContextConfiguration@2d8f65a4 testClass = Springboot4RabbitmqApplicationTests, locations = '{}', classes = '{class com.arpassion.ProducerApplication}', contextInitializerClasses = '[]', activeProfiles = '{}', propertySourceLocations = '{}', propertySourceProperties = '{}', contextLoader = 'org.springframework.boot.test.SpringApplicationContextLoader', parent = [null]]], class annotated with @DirtiesContext [false] with mode [null].
21:21:27.256 [main] DEBUG o.s.t.annotation.ProfileValueUtils - Retrieved @ProfileValueSourceConfiguration [null] for test class [com.arpassion.Springboot4RabbitmqApplicationTests]
21:21:27.256 [main] DEBUG o.s.t.annotation.ProfileValueUtils - Retrieved ProfileValueSource type [class org.springframework.test.annotation.SystemProfileValueSource] for class [com.arpassion.Springboot4RabbitmqApplicationTests]
21:21:27.260 [main] DEBUG o.s.t.c.s.DependencyInjectionTestExecutionListener - Performing dependency injection for test context [[DefaultTestContext@27a8c74e testClass = Springboot4RabbitmqApplicationTests, testInstance = com.arpassion.Springboot4RabbitmqApplicationTests@4493d195, testMethod = [null], testException = [null], mergedContextConfiguration = [MergedContextConfiguration@2d8f65a4 testClass = Springboot4RabbitmqApplicationTests, locations = '{}', classes = '{class com.arpassion.ProducerApplication}', contextInitializerClasses = '[]', activeProfiles = '{}', propertySourceLocations = '{}', propertySourceProperties = '{}', contextLoader = 'org.springframework.boot.test.SpringApplicationContextLoader', parent = [null]]]].
21:21:27.412 [main] DEBUG o.s.core.env.StandardEnvironment - Adding [systemProperties] PropertySource with lowest search precedence
21:21:27.415 [main] DEBUG o.s.core.env.StandardEnvironment - Adding [systemEnvironment] PropertySource with lowest search precedence
21:21:27.416 [main] DEBUG o.s.core.env.StandardEnvironment - Initialized StandardEnvironment with PropertySources [systemProperties,systemEnvironment]
21:21:27.421 [main] DEBUG o.s.core.env.StandardEnvironment - Adding [integrationTest] PropertySource with search precedence immediately lower than [systemEnvironment]

  .   ____          _            __ _ _
 /\\ / ___'_ __ _ _(_)_ __  __ _ \ \ \ \
( ( )\___ | '_ | '_| | '_ \/ _` | \ \ \ \
 \\/  ___)| |_)| | | | | || (_| |  ) ) ) )
  '  |____| .__|_| |_|_| |_\__, | / / / /
 =========|_|==============|___/=/_/_/_/
 :: Spring Boot ::        (v1.3.3.RELEASE)

2016-04-27 21:21:28.094  INFO 1404 --- [           main] c.a.Springboot4RabbitmqApplicationTests  : Starting Springboot4RabbitmqApplicationTests on ARMacPro.local with PID 1404 (/Users/abdulrasheedahmed/workspace-sts-3.7.0.RELEASE/sb4-rabbitmq-producer/target/test-classes started by abdulrasheedahmed in /Users/abdulrasheedahmed/workspace-sts-3.7.0.RELEASE/sb4-rabbitmq-producer)
2016-04-27 21:21:28.095  INFO 1404 --- [           main] c.a.Springboot4RabbitmqApplicationTests  : No active profile set, falling back to default profiles: default
2016-04-27 21:21:28.182  INFO 1404 --- [           main] s.c.a.AnnotationConfigApplicationContext : Refreshing org.springframework.context.annotation.AnnotationConfigApplicationContext@5e82df6a: startup date [Wed Apr 27 21:21:28 EDT 2016]; root of context hierarchy
2016-04-27 21:21:29.266  INFO 1404 --- [           main] trationDelegate$BeanPostProcessorChecker : Bean 'org.springframework.amqp.rabbit.annotation.RabbitBootstrapConfiguration' of type [class org.springframework.amqp.rabbit.annotation.RabbitBootstrapConfiguration$$EnhancerBySpringCGLIB$$cfe3b0e5] is not eligible for getting processed by all BeanPostProcessors (for example: not eligible for auto-proxying)
2016-04-27 21:21:29.812  INFO 1404 --- [           main] o.s.c.support.DefaultLifecycleProcessor  : Starting beans in phase -2147482648
2016-04-27 21:21:29.813  INFO 1404 --- [           main] o.s.c.support.DefaultLifecycleProcessor  : Starting beans in phase 2147483647
Waiting five seconds...
Sending message...
2016-04-27 21:21:34.916  INFO 1404 --- [           main] o.s.a.r.c.CachingConnectionFactory       : Created new connection: SimpleConnection@48a12036 [delegate=amqp://guest@127.0.0.1:5672/]
2016-04-27 21:21:34.918  INFO 1404 --- [           main] o.s.amqp.rabbit.core.RabbitAdmin         : Auto-declaring a non-durable, auto-delete, or exclusive Queue (spring-boot) durable:false, auto-delete:false, exclusive:false. It will be redeclared if the broker stops and is restarted while the connection factory is alive, but all messages will be lost.
2016-04-27 21:21:34.956  INFO 1404 --- [           main] s.c.a.AnnotationConfigApplicationContext : Closing org.springframework.context.annotation.AnnotationConfigApplicationContext@5e82df6a: startup date [Wed Apr 27 21:21:28 EDT 2016]; root of context hierarchy
2016-04-27 21:21:34.958  INFO 1404 --- [           main] o.s.c.support.DefaultLifecycleProcessor  : Stopping beans in phase 2147483647
2016-04-27 21:21:34.959  INFO 1404 --- [           main] o.s.c.support.DefaultLifecycleProcessor  : Stopping beans in phase -2147482648
2016-04-27 21:21:34.971  INFO 1404 --- [           main] c.a.Springboot4RabbitmqApplicationTests  : Started Springboot4RabbitmqApplicationTests in 7.546 seconds (JVM running for 8.45)
2016-04-27 21:21:34.977 ERROR 1404 --- [           main] o.s.test.context.TestContextManager      : Caught exception while allowing TestExecutionListener [org.springframework.test.context.support.DependencyInjectionTestExecutionListener@53f65459] to prepare test instance [com.arpassion.Springboot4RabbitmqApplicationTests@4493d195]

java.lang.IllegalStateException: The ApplicationContext loaded for [[MergedContextConfiguration@2d8f65a4 testClass = Springboot4RabbitmqApplicationTests, locations = '{}', classes = '{class com.arpassion.ProducerApplication}', contextInitializerClasses = '[]', activeProfiles = '{}', propertySourceLocations = '{}', propertySourceProperties = '{}', contextLoader = 'org.springframework.boot.test.SpringApplicationContextLoader', parent = [null]]] is not active. Ensure that the context has not been closed programmatically.
	at org.springframework.util.Assert.state(Assert.java:392) ~[spring-core-4.2.5.RELEASE.jar:4.2.5.RELEASE]
	at org.springframework.test.context.support.DefaultTestContext.getApplicationContext(DefaultTestContext.java:87) ~[spring-test-4.2.5.RELEASE.jar:4.2.5.RELEASE]
	at org.springframework.test.context.support.DependencyInjectionTestExecutionListener.injectDependencies(DependencyInjectionTestExecutionListener.java:117) ~[spring-test-4.2.5.RELEASE.jar:4.2.5.RELEASE]
	at org.springframework.test.context.support.DependencyInjectionTestExecutionListener.prepareTestInstance(DependencyInjectionTestExecutionListener.java:83) ~[spring-test-4.2.5.RELEASE.jar:4.2.5.RELEASE]
	at org.springframework.test.context.TestContextManager.prepareTestInstance(TestContextManager.java:228) ~[spring-test-4.2.5.RELEASE.jar:4.2.5.RELEASE]
	at org.springframework.test.context.junit4.SpringJUnit4ClassRunner.createTest(SpringJUnit4ClassRunner.java:230) [spring-test-4.2.5.RELEASE.jar:4.2.5.RELEASE]
	at org.springframework.test.context.junit4.SpringJUnit4ClassRunner$1.runReflectiveCall(SpringJUnit4ClassRunner.java:289) [spring-test-4.2.5.RELEASE.jar:4.2.5.RELEASE]
	at org.junit.internal.runners.model.ReflectiveCallable.run(ReflectiveCallable.java:12) [junit-4.12.jar:4.12]
	at org.springframework.test.context.junit4.SpringJUnit4ClassRunner.methodBlock(SpringJUnit4ClassRunner.java:291) [spring-test-4.2.5.RELEASE.jar:4.2.5.RELEASE]
	at org.springframework.test.context.junit4.SpringJUnit4ClassRunner.runChild(SpringJUnit4ClassRunner.java:249) [spring-test-4.2.5.RELEASE.jar:4.2.5.RELEASE]
	at org.springframework.test.context.junit4.SpringJUnit4ClassRunner.runChild(SpringJUnit4ClassRunner.java:89) [spring-test-4.2.5.RELEASE.jar:4.2.5.RELEASE]
	at org.junit.runners.ParentRunner$3.run(ParentRunner.java:290) [junit-4.12.jar:4.12]
	at org.junit.runners.ParentRunner$1.schedule(ParentRunner.java:71) [junit-4.12.jar:4.12]
	at org.junit.runners.ParentRunner.runChildren(ParentRunner.java:288) [junit-4.12.jar:4.12]
	at org.junit.runners.ParentRunner.access$000(ParentRunner.java:58) [junit-4.12.jar:4.12]
	at org.junit.runners.ParentRunner$2.evaluate(ParentRunner.java:268) [junit-4.12.jar:4.12]
	at org.springframework.test.context.junit4.statements.RunBeforeTestClassCallbacks.evaluate(RunBeforeTestClassCallbacks.java:61) [spring-test-4.2.5.RELEASE.jar:4.2.5.RELEASE]
	at org.springframework.test.context.junit4.statements.RunAfterTestClassCallbacks.evaluate(RunAfterTestClassCallbacks.java:70) [spring-test-4.2.5.RELEASE.jar:4.2.5.RELEASE]
	at org.junit.runners.ParentRunner.run(ParentRunner.java:363) [junit-4.12.jar:4.12]
	at org.springframework.test.context.junit4.SpringJUnit4ClassRunner.run(SpringJUnit4ClassRunner.java:193) [spring-test-4.2.5.RELEASE.jar:4.2.5.RELEASE]
	at org.apache.maven.surefire.junit4.JUnit4Provider.execute(JUnit4Provider.java:283) [surefire-junit4-2.18.1.jar:2.18.1]
	at org.apache.maven.surefire.junit4.JUnit4Provider.executeWithRerun(JUnit4Provider.java:173) [surefire-junit4-2.18.1.jar:2.18.1]
	at org.apache.maven.surefire.junit4.JUnit4Provider.executeTestSet(JUnit4Provider.java:153) [surefire-junit4-2.18.1.jar:2.18.1]
	at org.apache.maven.surefire.junit4.JUnit4Provider.invoke(JUnit4Provider.java:128) [surefire-junit4-2.18.1.jar:2.18.1]
	at org.apache.maven.surefire.booter.ForkedBooter.invokeProviderInSameClassLoader(ForkedBooter.java:203) [surefire-booter-2.18.1.jar:2.18.1]
	at org.apache.maven.surefire.booter.ForkedBooter.runSuitesInProcess(ForkedBooter.java:155) [surefire-booter-2.18.1.jar:2.18.1]
	at org.apache.maven.surefire.booter.ForkedBooter.main(ForkedBooter.java:103) [surefire-booter-2.18.1.jar:2.18.1]

]]></system-out>
  </testcase>
</testsuite>